2025-06-28 17:21:06 info: Log file cleared: combined.log
2025-06-28 17:21:06 info: Log file cleared: error.log
2025-06-28 17:21:06 info: ================================================================================
2025-06-28T09:21:06.728Z info: LOG SYSTEM REFRESHED
2025-06-28 17:21:06 info: ================================================================================
2025-06-28 17:21:06 info: Authorized log access by: ken.advento@gmail.com
2025-06-28 17:21:06 info: Log info requested by: ken.advento@gmail.com
2025-06-28 17:21:06 info: Authorized log access by: ken.advento@gmail.com
2025-06-28 17:21:06 info: Backup files listed by: ken.advento@gmail.com
2025-06-28 17:22:26 info: Received request for /api/db-status
2025-06-28 17:22:26 info: DB status check successful.
2025-06-28T09:22:26.294Z info: [Frontend] 
2025-06-28 17:23:26 info: Received request for /api/db-status
2025-06-28 17:23:26 info: DB status check successful.
2025-06-28T09:23:26.283Z info: [Frontend] 
2025-06-28 17:24:26 info: Received request for /api/db-status
2025-06-28 17:24:26 info: DB status check successful.
2025-06-28T09:24:26.268Z info: [Frontend] 
2025-06-28 17:25:26 info: Received request for /api/db-status
2025-06-28 17:25:26 info: DB status check successful.
2025-06-28T09:25:26.258Z info: [Frontend] 
2025-06-28 17:26:26 info: Received request for /api/db-status
2025-06-28 17:26:26 info: DB status check successful.
2025-06-28T09:26:26.275Z info: [Frontend] 
2025-06-28 17:27:04 warn: Unauthorized log access attempt from: clarkkent07@gmail.com
2025-06-28 17:27:18 warn: Unauthorized log access attempt from: clarkkent07@gmail.com
2025-06-28 17:27:19 warn: Unauthorized log access attempt from: clarkkent07@gmail.com
2025-06-28 17:27:26 info: Received request for /api/db-status
2025-06-28 17:27:26 info: DB status check successful.
2025-06-28T09:27:26.271Z info: [Frontend] 
2025-06-28 17:28:26 info: Received request for /api/db-status
2025-06-28 17:28:26 info: DB status check successful.
2025-06-28T09:28:26.330Z info: [Frontend] 
